[2023-11-02 11:06:58.843] <pid 7787:7787> [critical] [test.cpp:main:17] program start ...
[2023-11-02 11:06:58.879] <pid 7787:7787> [info] [queue.cpp:push:46] RabbitMq client push msg hello hhh
[2023-11-02 11:06:58.881] <pid 7787:7787> [info] [queue.cpp:pop:54] RabbitMq client pop msg hello hhh
[2023-11-02 11:06:58.881] <pid 7787:7787> [critical] [test.cpp:main:30] program end ...
[2023-11-02 11:39:21.466] <pid 31650:31650> [critical] [test.cpp:main:17] program start ...
[2023-11-02 11:39:21.483] <pid 31650:31650> [info] [queue.cpp:push:46] RabbitMq client push msg, hello hhh
[2023-11-02 11:39:21.484] <pid 31650:31650> [info] [queue.cpp:pop:54] RabbitMq client pop msg, hello hhh
[2023-11-02 11:39:21.484] <pid 31650:31650> [critical] [test.cpp:main:30] program end ...
[2023-11-02 13:33:52.571] <pid 19935:19935> [critical] [test.cpp:main:17] program start ...
[2023-11-02 13:33:52.596] <pid 19935:19935> [info] [queue.cpp:push:46] RabbitMq client push msg, hello hhh
[2023-11-02 13:33:52.599] <pid 19935:19935> [info] [queue.cpp:pop:54] RabbitMq client pop msg, hello hhh
[2023-11-02 13:33:52.599] <pid 19935:19935> [critical] [test.cpp:main:30] program end ...
[2023-11-02 13:37:01.812] <pid 22345:22345> [critical] [test.cpp:main:17] program start ...
[2023-11-02 13:37:01.832] <pid 22345:22345> [info] [queue.cpp:push:46] RabbitMq client push msg, hello hhh
[2023-11-02 13:37:01.833] <pid 22345:22345> [info] [queue.cpp:pop:54] RabbitMq client pop msg, hello hhh
[2023-11-02 13:37:01.833] <pid 22345:22345> [critical] [test.cpp:main:30] program end ...
[2023-11-02 13:46:04.864] <pid 29716:29716> [critical] [test.cpp:main:18] program start ...
[2023-11-02 13:46:04.880] <pid 29716:29716> [info] [queue.cpp:push:46] RabbitMq client push msg, hello hhh
[2023-11-02 13:46:04.881] <pid 29716:29716> [info] [queue.cpp:pop:54] RabbitMq client pop msg, hello hhh
[2023-11-02 13:46:04.881] <pid 29716:29716> [critical] [test.cpp:main:33] program end ...
[2023-11-02 13:46:36.262] <pid 30339:30339> [critical] [test.cpp:main:18] program start ...
[2023-11-02 13:46:36.276] <pid 30339:30339> [info] [queue.cpp:push:46] RabbitMq client push msg, hello hhh
[2023-11-02 13:46:36.276] <pid 30339:30339> [info] [queue.cpp:pop:54] RabbitMq client pop msg, hello hhh
[2023-11-02 13:46:36.276] <pid 30339:30339> [critical] [test.cpp:main:33] program end ...
[2023-11-02 13:47:30.714] <pid 31423:31423> [critical] [test.cpp:main:18] program start ...
[2023-11-02 13:47:30.735] <pid 31423:31423> [info] [queue.cpp:push:46] RabbitMq client push msg, hello hhh
[2023-11-02 13:47:30.735] <pid 31423:31423> [info] [queue.cpp:pop:54] RabbitMq client pop msg, hello hhh
[2023-11-02 13:47:30.735] <pid 31423:31423> [critical] [test.cpp:main:33] program end ...
[2023-11-02 13:47:39.004] <pid 31599:31599> [critical] [test.cpp:main:18] program start ...
[2023-11-02 13:47:39.026] <pid 31599:31599> [info] [queue.cpp:push:46] RabbitMq client push msg, hello hhh
[2023-11-02 13:47:39.027] <pid 31599:31599> [info] [queue.cpp:pop:54] RabbitMq client pop msg, hello hhh
[2023-11-02 13:47:39.027] <pid 31599:31599> [critical] [test.cpp:main:33] program end ...
[2023-11-02 13:47:42.191] <pid 31661:31661> [critical] [test.cpp:main:18] program start ...
[2023-11-02 13:47:42.207] <pid 31661:31661> [info] [queue.cpp:push:46] RabbitMq client push msg, hello hhh
[2023-11-02 13:47:42.207] <pid 31661:31661> [info] [queue.cpp:pop:54] RabbitMq client pop msg, hello hhh
[2023-11-02 13:47:42.207] <pid 31661:31661> [critical] [test.cpp:main:33] program end ...
[2023-11-02 13:56:37.280] <pid 7192:7192> [critical] [test.cpp:main:18] program start ...
[2023-11-02 13:56:37.295] <pid 7192:7192> [info] [queue.cpp:push:46] RabbitMq client push msg, hello hhh
[2023-11-02 13:56:37.296] <pid 7192:7192> [info] [queue.cpp:pop:54] RabbitMq client pop msg, hello hhh
[2023-11-02 13:56:37.296] <pid 7192:7192> [critical] [test.cpp:main:35] program end ...
[2023-11-02 13:57:39.204] <pid 8109:8109> [critical] [test.cpp:main:18] program start ...
[2023-11-02 13:57:39.216] <pid 8109:8109> [info] [queue.cpp:push:46] RabbitMq client push msg, hello hhh
[2023-11-02 13:57:39.216] <pid 8109:8109> [info] [queue.cpp:pop:54] RabbitMq client pop msg, hello hhh
[2023-11-02 13:57:39.222] <pid 8109:8109> [critical] [test.cpp:main:36] program end ...
[2023-11-02 13:58:01.892] <pid 8435:8435> [critical] [test.cpp:main:18] program start ...
[2023-11-02 13:58:01.906] <pid 8435:8435> [info] [queue.cpp:push:46] RabbitMq client push msg, hello hhh
[2023-11-02 13:58:01.906] <pid 8435:8435> [info] [queue.cpp:pop:54] RabbitMq client pop msg, hello hhh
[2023-11-02 13:58:01.906] <pid 8435:8435> [critical] [test.cpp:main:36] program end ...
[2023-11-02 14:00:45.437] <pid 10599:10599> [critical] [test.cpp:main:18] program start ...
[2023-11-02 14:00:45.451] <pid 10599:10599> [info] [queue.cpp:push:46] RabbitMq client push msg, hello hhh
[2023-11-02 14:00:45.451] <pid 10599:10599> [info] [queue.cpp:pop:54] RabbitMq client pop msg, hello hhh
[2023-11-02 14:00:45.451] <pid 10599:10599> [critical] [test.cpp:main:37] program end ...
[2023-11-02 14:01:52.751] <pid 11586:11586> [critical] [test.cpp:main:18] program start ...
[2023-11-02 14:01:52.765] <pid 11586:11586> [info] [queue.cpp:push:46] RabbitMq client push msg, hello hhh
[2023-11-02 14:01:52.765] <pid 11586:11586> [info] [queue.cpp:pop:54] RabbitMq client pop msg, hello hhh
[2023-11-02 14:01:52.765] <pid 11586:11586> [critical] [test.cpp:main:38] program end ...
[2023-11-02 14:09:33.436] <pid 17394:17394> [critical] [test.cpp:main:18] program start ...
[2023-11-02 14:09:33.449] <pid 17394:17394> [info] [queue.cpp:push:46] RabbitMq client push msg, hello hhh
[2023-11-02 14:09:33.449] <pid 17394:17394> [info] [queue.cpp:pop:54] RabbitMq client pop msg, hello hhh
[2023-11-02 14:09:33.449] <pid 17394:17394> [error] [event.h:get:29] Event Json-Obj not contains key {key}
[2023-11-02 14:09:33.449] <pid 17394:17394> [critical] [test.cpp:main:40] program end ...
[2023-11-02 14:10:58.879] <pid 18607:18607> [critical] [test.cpp:main:18] program start ...
[2023-11-02 14:10:58.891] <pid 18607:18607> [info] [queue.cpp:push:46] RabbitMq client push msg, hello hhh
[2023-11-02 14:10:58.892] <pid 18607:18607> [info] [queue.cpp:pop:54] RabbitMq client pop msg, hello hhh
[2023-11-02 14:10:58.892] <pid 18607:18607> [error] [event.h:get:29] Event Json-Obj not contains key b
[2023-11-02 14:10:58.892] <pid 18607:18607> [critical] [test.cpp:main:40] program end ...
[2023-11-02 14:14:28.614] <pid 21365:21365> [critical] [test.cpp:main:18] program start ...
[2023-11-02 14:14:28.628] <pid 21365:21365> [info] [queue.cpp:push:46] RabbitMq client push msg, hello hhh
[2023-11-02 14:14:28.628] <pid 21365:21365> [info] [queue.cpp:pop:54] RabbitMq client pop msg, hello hhh
[2023-11-02 14:14:28.629] <pid 21365:21365> [error] [event.h:get:29] Event Json-Obj not contains key b
[2023-11-02 14:14:28.629] <pid 21365:21365> [critical] [test.cpp:main:40] program end ...
[2023-11-02 14:17:16.820] <pid 23799:23799> [critical] [test.cpp:main:18] program start ...
[2023-11-02 14:17:16.832] <pid 23799:23799> [info] [queue.cpp:push:46] RabbitMq client push msg, hello hhh
[2023-11-02 14:17:16.832] <pid 23799:23799> [info] [queue.cpp:pop:54] RabbitMq client pop msg, hello hhh
[2023-11-02 14:17:16.832] <pid 23799:23799> [error] [event.h:get:29] Event Json-Obj not contains key b
[2023-11-02 14:17:16.832] <pid 23799:23799> [critical] [test.cpp:main:40] program end ...
[2023-11-02 14:18:05.870] <pid 24506:24506> [critical] [test.cpp:main:18] program start ...
[2023-11-02 14:18:05.884] <pid 24506:24506> [info] [queue.cpp:push:46] RabbitMq client push msg, hello hhh
[2023-11-02 14:18:05.884] <pid 24506:24506> [info] [queue.cpp:pop:54] RabbitMq client pop msg, hello hhh
[2023-11-02 14:18:05.884] <pid 24506:24506> [critical] [test.cpp:main:40] program end ...
[2023-11-02 14:19:40.824] <pid 25852:25852> [critical] [test.cpp:main:18] program start ...
[2023-11-02 14:19:40.835] <pid 25852:25852> [info] [queue.cpp:push:46] RabbitMq client push msg, hello hhh
[2023-11-02 14:19:40.835] <pid 25852:25852> [info] [queue.cpp:pop:54] RabbitMq client pop msg, hello hhh
[2023-11-02 14:19:40.836] <pid 25852:25852> [error] [event.h:get:29] Event Json-Obj not contains key a
[2023-11-02 14:19:40.836] <pid 25852:25852> [error] [event.h:get:29] Event Json-Obj not contains key b
[2023-11-02 14:19:40.836] <pid 25852:25852> [critical] [test.cpp:main:40] program end ...
[2023-11-02 14:22:49.132] <pid 28372:28372> [critical] [test.cpp:main:18] program start ...
[2023-11-02 14:22:49.148] <pid 28372:28372> [info] [queue.cpp:push:46] RabbitMq client push msg, hello hhh
[2023-11-02 14:22:49.148] <pid 28372:28372> [info] [queue.cpp:pop:54] RabbitMq client pop msg, hello hhh
[2023-11-02 14:22:49.148] <pid 28372:28372> [error] [event.h:get:29] Event Json-Obj not contains key a
[2023-11-02 14:22:49.148] <pid 28372:28372> [error] [event.h:get:29] Event Json-Obj not contains key b
[2023-11-02 14:22:49.148] <pid 28372:28372> [critical] [test.cpp:main:40] program end ...
[2023-11-02 14:25:15.772] <pid 30551:30551> [critical] [test.cpp:main:18] program start ...
[2023-11-02 14:25:15.785] <pid 30551:30551> [info] [queue.cpp:push:46] RabbitMq client push msg, hello hhh
[2023-11-02 14:25:15.785] <pid 30551:30551> [info] [queue.cpp:pop:54] RabbitMq client pop msg, hello hhh
[2023-11-02 14:25:15.786] <pid 30551:30551> [critical] [test.cpp:main:40] program end ...
[2023-11-02 14:27:37.470] <pid 32349:32349> [critical] [test.cpp:main:18] program start ...
[2023-11-02 14:27:37.485] <pid 32349:32349> [info] [queue.cpp:push:46] RabbitMq client push msg, hello hhh
[2023-11-02 14:27:37.486] <pid 32349:32349> [info] [queue.cpp:pop:54] RabbitMq client pop msg, hello hhh
[2023-11-02 14:27:37.486] <pid 32349:32349> [error] [event.h:get:29] Event Json-Obj not contains key a
[2023-11-02 14:27:37.486] <pid 32349:32349> [error] [event.h:get:29] Event Json-Obj not contains key b
[2023-11-02 14:27:37.486] <pid 32349:32349> [critical] [test.cpp:main:40] program end ...
